[2025-11-14 05:21:01] [INFO    ] discord.client: logging in using static token
[2025-11-14 05:21:02] [INFO    ] discord.gateway: Shard ID None has connected to Gateway (Session ID: a56c34a393d59479c801276fc36ac485).
[2025-11-14 05:21:04] [ERROR   ] discord.client: Ignoring exception in on_ready
Traceback (most recent call last):
  File "/home/ubuntu/ac-timeattack-bot/bot/bot-venv/lib/python3.12/site-packages/discord/client.py", line 504, in _run_event
    await coro(*args, **kwargs)
  File "/home/ubuntu/ac-timeattack-bot/bot/post_schedule.py", line 96, in on_ready
    await post_or_update_schedule()
  File "/home/ubuntu/ac-timeattack-bot/bot/post_schedule.py", line 84, in post_or_update_schedule
    log.info("✏️ Updated existing schedule message")
    ^^^
NameError: name 'log' is not defined
[2025-11-14 05:26:55] [INFO    ] discord.client: logging in using static token
[2025-11-14 05:26:55] [INFO    ] discord.gateway: Shard ID None has connected to Gateway (Session ID: ef4e1050c2cfaa0e996e6072d917bec0).
[2025-11-14 05:26:58] [ERROR   ] discord.client: Ignoring exception in on_ready
Traceback (most recent call last):
  File "/home/ubuntu/ac-timeattack-bot/bot/bot-venv/lib/python3.12/site-packages/discord/client.py", line 504, in _run_event
    await coro(*args, **kwargs)
  File "/home/ubuntu/ac-timeattack-bot/bot/post_schedule.py", line 100, in on_ready
    await post_or_update_schedule()
  File "/home/ubuntu/ac-timeattack-bot/bot/post_schedule.py", line 88, in post_or_update_schedule
    log.info("✏️ Updated existing schedule message")
    ^^^
NameError: name 'log' is not defined
[2025-11-14 05:29:29] [INFO    ] discord.client: logging in using static token
[2025-11-14 05:29:31] [INFO    ] discord.gateway: Shard ID None has connected to Gateway (Session ID: 95ec3b583c17c115bae5e681e7c1c1d8).
[2025-11-14 05:29:33] [ERROR   ] discord.client: Ignoring exception in on_ready
Traceback (most recent call last):
  File "/home/ubuntu/ac-timeattack-bot/bot/bot-venv/lib/python3.12/site-packages/discord/client.py", line 504, in _run_event
    await coro(*args, **kwargs)
  File "/home/ubuntu/ac-timeattack-bot/bot/post_schedule.py", line 100, in on_ready
    await post_or_update_schedule()
  File "/home/ubuntu/ac-timeattack-bot/bot/post_schedule.py", line 88, in post_or_update_schedule
    log.info("✏️ Updated existing schedule message")
    ^^^
NameError: name 'log' is not defined
[2025-11-14 05:34:42] [INFO    ] discord.client: logging in using static token
[2025-11-14 05:34:43] [INFO    ] discord.gateway: Shard ID None has connected to Gateway (Session ID: 4443487ed80dbacaa712de11b4198659).
[2025-11-14 05:34:45] [ERROR   ] discord.client: Ignoring exception in on_ready
Traceback (most recent call last):
  File "/home/ubuntu/ac-timeattack-bot/bot/bot-venv/lib/python3.12/site-packages/discord/client.py", line 504, in _run_event
    await coro(*args, **kwargs)
  File "/home/ubuntu/ac-timeattack-bot/bot/post_schedule.py", line 101, in on_ready
    await post_or_update_schedule()
  File "/home/ubuntu/ac-timeattack-bot/bot/post_schedule.py", line 77, in post_or_update_schedule
    schedule_text = build_schedule_text(config)
                    ^^^^^^^^^^^^^^^^^^^^^^^^^^^
  File "/home/ubuntu/ac-timeattack-bot/bot/post_schedule.py", line 62, in build_schedule_text
    lines.append(f"**🏎️ Track:**  {track} {flag}")
                                           ^^^^
NameError: name 'flag' is not defined
[2025-11-14 05:36:15] [INFO    ] discord.client: logging in using static token
[2025-11-14 05:36:15] [INFO    ] discord.gateway: Shard ID None has connected to Gateway (Session ID: e2e89f2e8eaaca630c9cc8f644ea1fa4).
[2025-11-14 05:36:18] [ERROR   ] discord.client: Ignoring exception in on_ready
Traceback (most recent call last):
  File "/home/ubuntu/ac-timeattack-bot/bot/bot-venv/lib/python3.12/site-packages/discord/client.py", line 504, in _run_event
    await coro(*args, **kwargs)
  File "/home/ubuntu/ac-timeattack-bot/bot/post_schedule.py", line 101, in on_ready
    await post_or_update_schedule()
  File "/home/ubuntu/ac-timeattack-bot/bot/post_schedule.py", line 89, in post_or_update_schedule
    log.info("✏️ Updated existing schedule message")
    ^^^
NameError: name 'log' is not defined
[2025-11-14 05:38:24] [INFO    ] discord.client: logging in using static token
[2025-11-14 05:38:25] [INFO    ] discord.gateway: Shard ID None has connected to Gateway (Session ID: cc02ea5756e8a2813fee19daa4be04d9).
[2025-11-14 05:38:27] [ERROR   ] discord.client: Ignoring exception in on_ready
Traceback (most recent call last):
  File "/home/ubuntu/ac-timeattack-bot/bot/bot-venv/lib/python3.12/site-packages/discord/client.py", line 504, in _run_event
    await coro(*args, **kwargs)
  File "/home/ubuntu/ac-timeattack-bot/bot/post_schedule.py", line 104, in on_ready
    await post_or_update_schedule()
  File "/home/ubuntu/ac-timeattack-bot/bot/post_schedule.py", line 92, in post_or_update_schedule
    log.info("✏️ Updated existing schedule message")
    ^^^
NameError: name 'log' is not defined
[2025-11-14 05:41:39] [INFO    ] discord.client: logging in using static token
[2025-11-14 05:41:41] [INFO    ] discord.gateway: Shard ID None has connected to Gateway (Session ID: 897de1a4d739476b6cbd4e8c74753d61).
[2025-11-14 05:41:43] [ERROR   ] discord.client: Ignoring exception in on_ready
Traceback (most recent call last):
  File "/home/ubuntu/ac-timeattack-bot/bot/bot-venv/lib/python3.12/site-packages/discord/client.py", line 504, in _run_event
    await coro(*args, **kwargs)
  File "/home/ubuntu/ac-timeattack-bot/bot/post_schedule.py", line 112, in on_ready
    await post_or_update_schedule()
  File "/home/ubuntu/ac-timeattack-bot/bot/post_schedule.py", line 100, in post_or_update_schedule
    log.info("✏️ Updated existing schedule message")
    ^^^
NameError: name 'log' is not defined
[2025-11-14 05:43:12] [INFO    ] discord.client: logging in using static token
[2025-11-14 05:43:13] [INFO    ] discord.gateway: Shard ID None has connected to Gateway (Session ID: 0455f2c3150e3c50f00c58c44b97ed3e).
[2025-11-14 05:43:15] [ERROR   ] discord.client: Ignoring exception in on_ready
Traceback (most recent call last):
  File "/home/ubuntu/ac-timeattack-bot/bot/bot-venv/lib/python3.12/site-packages/discord/client.py", line 504, in _run_event
    await coro(*args, **kwargs)
  File "/home/ubuntu/ac-timeattack-bot/bot/post_schedule.py", line 112, in on_ready
    await post_or_update_schedule()
  File "/home/ubuntu/ac-timeattack-bot/bot/post_schedule.py", line 100, in post_or_update_schedule
    log.info("✏️ Updated existing schedule message")
    ^^^
NameError: name 'log' is not defined
[2025-11-14 05:44:46] [INFO    ] discord.client: logging in using static token
[2025-11-14 05:44:47] [INFO    ] discord.gateway: Shard ID None has connected to Gateway (Session ID: c3d6f81cc71f4f5c7b8c01d0f9603e3c).
[2025-11-14 05:44:49] [ERROR   ] discord.client: Ignoring exception in on_ready
Traceback (most recent call last):
  File "/home/ubuntu/ac-timeattack-bot/bot/bot-venv/lib/python3.12/site-packages/discord/client.py", line 504, in _run_event
    await coro(*args, **kwargs)
  File "/home/ubuntu/ac-timeattack-bot/bot/post_schedule.py", line 112, in on_ready
    await post_or_update_schedule()
  File "/home/ubuntu/ac-timeattack-bot/bot/post_schedule.py", line 100, in post_or_update_schedule
    log.info("✏️ Updated existing schedule message")
    ^^^
NameError: name 'log' is not defined
[2025-11-14 05:47:27] [INFO    ] discord.client: logging in using static token
[2025-11-14 05:47:28] [INFO    ] discord.gateway: Shard ID None has connected to Gateway (Session ID: 2e3f472f91c58ab8adc6356933ee2ffb).
[2025-11-14 05:47:30] [ERROR   ] discord.client: Ignoring exception in on_ready
Traceback (most recent call last):
  File "/home/ubuntu/ac-timeattack-bot/bot/bot-venv/lib/python3.12/site-packages/discord/client.py", line 504, in _run_event
    await coro(*args, **kwargs)
  File "/home/ubuntu/ac-timeattack-bot/bot/post_schedule.py", line 112, in on_ready
    await post_or_update_schedule()
  File "/home/ubuntu/ac-timeattack-bot/bot/post_schedule.py", line 100, in post_or_update_schedule
    log.info("✏️ Updated existing schedule message")
    ^^^
NameError: name 'log' is not defined
[2025-11-14 05:48:07] [INFO    ] discord.client: logging in using static token
[2025-11-14 05:48:08] [INFO    ] discord.gateway: Shard ID None has connected to Gateway (Session ID: 79b4cbf91be20a010ed2c5c0ca4eb41c).
[2025-11-14 05:48:10] [ERROR   ] discord.client: Ignoring exception in on_ready
Traceback (most recent call last):
  File "/home/ubuntu/ac-timeattack-bot/bot/bot-venv/lib/python3.12/site-packages/discord/client.py", line 504, in _run_event
    await coro(*args, **kwargs)
  File "/home/ubuntu/ac-timeattack-bot/bot/post_schedule.py", line 112, in on_ready
    await post_or_update_schedule()
  File "/home/ubuntu/ac-timeattack-bot/bot/post_schedule.py", line 100, in post_or_update_schedule
    log.info("✏️ Updated existing schedule message")
    ^^^
NameError: name 'log' is not defined
[2025-11-14 05:53:12] [INFO    ] discord.client: logging in using static token
[2025-11-14 05:53:13] [INFO    ] discord.gateway: Shard ID None has connected to Gateway (Session ID: d1a31fec7dfd2131acc2756dbafb6b38).
[2025-11-14 05:53:15] [ERROR   ] discord.client: Ignoring exception in on_ready
Traceback (most recent call last):
  File "/home/ubuntu/ac-timeattack-bot/bot/bot-venv/lib/python3.12/site-packages/discord/client.py", line 504, in _run_event
    await coro(*args, **kwargs)
  File "/home/ubuntu/ac-timeattack-bot/bot/post_schedule.py", line 140, in on_ready
    await post_or_update_schedule()
  File "/home/ubuntu/ac-timeattack-bot/bot/post_schedule.py", line 100, in post_or_update_schedule
    log.info("✏️ Updated existing schedule message")
    ^^^
NameError: name 'log' is not defined
[2025-11-14 05:56:14] [INFO    ] discord.client: logging in using static token
[2025-11-14 05:56:14] [INFO    ] discord.gateway: Shard ID None has connected to Gateway (Session ID: 55990efef9e232a6ddf93a837c23027a).
2025-11-14 05:56:17 [INFO] [ac_logger] ✏️ Updated existing schedule message
2025-11-14 05:56:37 [INFO] [ac_logger] [Watcher] Detected change in seasonConfig.json
2025-11-14 05:56:37 [INFO] [ac_logger] ✏️ Updated existing schedule message
2025-11-14 05:56:37 [INFO] [ac_logger] [Watcher] Schedule updated
2025-11-14 05:59:27 [INFO] [ac_logger] [Watcher] Detected change in seasonConfig.json
2025-11-14 05:59:27 [INFO] [ac_logger] ✏️ Updated existing schedule message
2025-11-14 05:59:27 [INFO] [ac_logger] [Watcher] Schedule updated
2025-11-14 06:00:17 [INFO] [ac_logger] [Watcher] Detected change in seasonConfig.json
2025-11-14 06:00:18 [INFO] [ac_logger] ✏️ Updated existing schedule message
2025-11-14 06:00:18 [INFO] [ac_logger] [Watcher] Schedule updated
[2025-11-14 06:00:32] [INFO    ] discord.client: logging in using static token
[2025-11-14 06:00:32] [INFO    ] discord.gateway: Shard ID None has connected to Gateway (Session ID: 67d7ad5d3fb34d34d4ce694cf9158295).
2025-11-14 06:00:35 [INFO] [ac_logger] ✏️[Schedule Bot] Updated existing schedule message
2025-11-14 06:00:55 [INFO] [ac_logger] [Schedule Bot] Detected change in seasonConfig.json
2025-11-14 06:00:55 [INFO] [ac_logger] ✏️[Schedule Bot] Updated existing schedule message
2025-11-14 06:00:55 [INFO] [ac_logger] [Schedule Bot] Schedule updated
2025-11-14 06:01:25 [INFO] [ac_logger] [Schedule Bot] Detected change in seasonConfig.json
2025-11-14 06:01:26 [INFO] [ac_logger] ✏️[Schedule Bot] Updated existing schedule message
2025-11-14 06:01:26 [INFO] [ac_logger] [Schedule Bot] Schedule updated
